<?xml version="1.0" encoding="UTF-8"?>
<!-- Generated by org.testng.reporters.JUnitReportReporter -->
<testsuite hostname="PC218260" name="com.sample.Example2" tests="1" failures="0" timestamp="23 Dec 2015 10:10:33 GMT" time="0.014" errors="0">
  <testcase name="openBrowser" time="0.014" classname="com.sample.Example2"/>
</testsuite> <!-- com.sample.Example2 -->
